Build started 4/9/2014 3:31:31 AM.
     1>Project "C:\School Work\csci580\HW6\HW6\CS580HW5.vcxproj" on node 2 (Build target(s)).
     1>ClCompile:
         C:\Applications\Development\VS 2012\VC\bin\CL.exe /c /ZI /nologo /W3 /WX- /Od /Oy- /D WIN32 /D _DEBUG /D _WINDOWS /D _VC80_UPGRADE=0x0600 /D _MBCS /D _AFXDLL /Gm /EHsc /RTC1 /MDd /GS /Gy- /fp:precise /Zc:wchar_t /Zc:forScope /Yc"stdafx.h" /Fp".\Debug\CS580HW5.pch" /Fo".\Debug\\" /Fd".\Debug\vc110.pdb" /Gd /TP /analyze- /errorReport:prompt StdAfx.cpp
         StdAfx.cpp
         _WIN32_WINNT not defined. Defaulting to _WIN32_WINNT_MAXVER (see WinSDKVer.h)
         C:\Applications\Development\VS 2012\VC\bin\CL.exe /c /ZI /nologo /W3 /WX- /Od /Oy- /D WIN32 /D _DEBUG /D _WINDOWS /D _VC80_UPGRADE=0x0600 /D _MBCS /D _AFXDLL /Gm /EHsc /RTC1 /MDd /GS /Gy- /fp:precise /Zc:wchar_t /Zc:forScope /Yu"stdafx.h" /Fp".\Debug\CS580HW5.pch" /Fo".\Debug\\" /Fd".\Debug\vc110.pdb" /Gd /TP /analyze- /errorReport:prompt Application.cpp Application5.cpp CS580HW.cpp CS580HWDoc.cpp CS580HWView.cpp MainFrm.cpp RotateDlg.cpp ScaleDlg.cpp TranslateDlg.cpp disp.cpp rend.cpp tex_fun.cpp
         Skipping... (no relevant changes detected)
         tex_fun.cpp
         rend.cpp
         disp.cpp
         TranslateDlg.cpp
         ScaleDlg.cpp
         RotateDlg.cpp
         MainFrm.cpp
         CS580HWView.cpp
         CS580HWDoc.cpp
         CS580HW.cpp
         Application5.cpp
         Application.cpp
       Link:
         C:\Applications\Development\VS 2012\VC\bin\link.exe /ERRORREPORT:PROMPT /OUT:".\Debug\CS580HW5.exe" /INCREMENTAL /NOLOGO /MANIFEST /MANIFESTUAC:"level='asInvoker' uiAccess='false'" /manifest:embed /manifestinput:"C:\Applications\Development\VS 2012\VC\Include\Manifest\dpiaware.manifest" /DEBUG /PDB:".\Debug\CS580HW5.pdb" /SUBSYSTEM:WINDOWS /TLBID:1 /DYNAMICBASE /NXCOMPAT /IMPLIB:".\Debug\CS580HW5.lib" /MACHINE:X86 /SAFESEH .\Debug\CS580HW.res
         .\Debug\Application.obj
         .\Debug\Application5.obj
         .\Debug\CS580HW.obj
         .\Debug\CS580HWDoc.obj
         .\Debug\CS580HWView.obj
         .\Debug\disp.obj
         .\Debug\MainFrm.obj
         .\Debug\rend.obj
         .\Debug\RotateDlg.obj
         .\Debug\ScaleDlg.obj
         .\Debug\StdAfx.obj
         .\Debug\tex_fun.obj
         .\Debug\TranslateDlg.obj
         CS580HW5.vcxproj -> C:\School Work\csci580\HW6\HW6\.\Debug\CS580HW5.exe
     1>Done Building Project "C:\School Work\csci580\HW6\HW6\CS580HW5.vcxproj" (Build target(s)).

Build succeeded.

Time Elapsed 00:00:09.00
